nohup: ignoring input

  .   ____          _            __ _ _
 /\\ / ___'_ __ _ _(_)_ __  __ _ \ \ \ \
( ( )\___ | '_ | '_| | '_ \/ _` | \ \ \ \
 \\/  ___)| |_)| | | | | || (_| |  ) ) ) )
  '  |____| .__|_| |_|_| |_\__, | / / / /
 =========|_|==============|___/=/_/_/_/

 :: Spring Boot ::               (v3.5.13)

2026-04-16T21:04:33.663Z  INFO 1539 --- [TaskTracker] [           main] c.m.tasktracker.TaskTrackerApplication   : Starting TaskTrackerApplication v0.0.1 using Java 17.0.18 with PID 1539 (/root/TaskTracker/TaskTracker-0.0.1.jar started by root in /root/TaskTracker)
2026-04-16T21:04:33.666Z  INFO 1539 --- [TaskTracker] [           main] c.m.tasktracker.TaskTrackerApplication   : No active profile set, falling back to 1 default profile: "default"
2026-04-16T21:04:34.514Z  INFO 1539 --- [TaskTracker] [           main] .s.d.r.c.RepositoryConfigurationDelegate : Bootstrapping Spring Data JPA repositories in DEFAULT mode.
2026-04-16T21:04:34.569Z  INFO 1539 --- [TaskTracker] [           main] .s.d.r.c.RepositoryConfigurationDelegate : Finished Spring Data repository scanning in 46 ms. Found 2 JPA repository interfaces.
2026-04-16T21:04:35.088Z  INFO 1539 --- [TaskTracker] [           main] o.s.b.w.embedded.tomcat.TomcatWebServer  : Tomcat initialized with port 8080 (http)
2026-04-16T21:04:35.099Z  INFO 1539 --- [TaskTracker] [           main] o.apache.catalina.core.StandardService   : Starting service [Tomcat]
2026-04-16T21:04:35.099Z  INFO 1539 --- [TaskTracker] [           main] o.apache.catalina.core.StandardEngine    : Starting Servlet engine: [Apache Tomcat/10.1.53]
2026-04-16T21:04:35.133Z  INFO 1539 --- [TaskTracker] [           main] o.a.c.c.C.[Tomcat].[localhost].[/]       : Initializing Spring embedded WebApplicationContext
2026-04-16T21:04:35.135Z  INFO 1539 --- [TaskTracker] [           main] w.s.c.ServletWebServerApplicationContext : Root WebApplicationContext: initialization completed in 1421 ms
2026-04-16T21:04:35.313Z  INFO 1539 --- [TaskTracker] [           main] o.hibernate.jpa.internal.util.LogHelper  : HHH000204: Processing PersistenceUnitInfo [name: default]
2026-04-16T21:04:35.358Z  INFO 1539 --- [TaskTracker] [           main] org.hibernate.Version                    : HHH000412: Hibernate ORM core version 6.6.45.Final
2026-04-16T21:04:35.394Z  INFO 1539 --- [TaskTracker] [           main] o.h.c.internal.RegionFactoryInitiator    : HHH000026: Second-level cache disabled
2026-04-16T21:04:35.689Z  INFO 1539 --- [TaskTracker] [           main] o.s.o.j.p.SpringPersistenceUnitInfo      : No LoadTimeWeaver setup: ignoring JPA class transformer
2026-04-16T21:04:35.716Z  INFO 1539 --- [TaskTracker] [           main] com.zaxxer.hikari.HikariDataSource       : HikariPool-1 - Starting...
2026-04-16T21:04:35.910Z  INFO 1539 --- [TaskTracker] [           main] com.zaxxer.hikari.pool.HikariPool        : HikariPool-1 - Added connection conn0: url=jdbc:h2:mem:testdb user=SA
2026-04-16T21:04:35.912Z  INFO 1539 --- [TaskTracker] [           main] com.zaxxer.hikari.HikariDataSource       : HikariPool-1 - Start completed.
2026-04-16T21:04:35.933Z  WARN 1539 --- [TaskTracker] [           main] org.hibernate.orm.deprecation            : HHH90000025: H2Dialect does not need to be specified explicitly using 'hibernate.dialect' (remove the property setting and it will be selected by default)
2026-04-16T21:04:35.957Z  INFO 1539 --- [TaskTracker] [           main] org.hibernate.orm.connections.pooling    : HHH10001005: Database info:
	Database JDBC URL [Connecting through datasource 'HikariDataSource (HikariPool-1)']
	Database driver: undefined/unknown
	Database version: 2.3.232
	Autocommit mode: undefined/unknown
	Isolation level: undefined/unknown
	Minimum pool size: undefined/unknown
	Maximum pool size: undefined/unknown
2026-04-16T21:04:36.606Z  INFO 1539 --- [TaskTracker] [           main] o.h.e.t.j.p.i.JtaPlatformInitiator       : HHH000489: No JTA platform available (set 'hibernate.transaction.jta.platform' to enable JTA platform integration)
2026-04-16T21:04:36.659Z  INFO 1539 --- [TaskTracker] [           main] j.LocalContainerEntityManagerFactoryBean : Initialized JPA EntityManagerFactory for persistence unit 'default'
2026-04-16T21:04:37.042Z  WARN 1539 --- [TaskTracker] [           main] JpaBaseConfiguration$JpaWebConfiguration : spring.jpa.open-in-view is enabled by default. Therefore, database queries may be performed during view rendering. Explicitly configure spring.jpa.open-in-view to disable this warning
2026-04-16T21:04:37.256Z  WARN 1539 --- [TaskTracker] [           main] .s.s.UserDetailsServiceAutoConfiguration : 

Using generated security password: efba36e8-d2aa-4e18-8e19-0eacc707f92a

This generated password is for development use only. Your security configuration must be updated before running your application in production.

2026-04-16T21:04:37.269Z  INFO 1539 --- [TaskTracker] [           main] r$InitializeUserDetailsManagerConfigurer : Global AuthenticationManager configured with UserDetailsService bean with name inMemoryUserDetailsManager
2026-04-16T21:04:37.516Z  INFO 1539 --- [TaskTracker] [           main] o.s.b.a.h2.H2ConsoleAutoConfiguration    : H2 console available at '/h2-console'. Database available at 'jdbc:h2:mem:testdb'
2026-04-16T21:04:37.618Z  INFO 1539 --- [TaskTracker] [           main] o.s.b.w.embedded.tomcat.TomcatWebServer  : Tomcat started on port 8080 (http) with context path '/'
2026-04-16T21:04:37.636Z  INFO 1539 --- [TaskTracker] [   scheduling-1] com.minhduc.tasktracker.DataScheduler    : runSqlFile()
2026-04-16T21:04:37.636Z  INFO 1539 --- [TaskTracker] [           main] c.m.tasktracker.TaskTrackerApplication   : Started TaskTrackerApplication in 4.505 seconds (process running for 5.057)
2026-04-16T21:04:41.888Z  INFO 1539 --- [TaskTracker] [nio-8080-exec-1] o.a.c.c.C.[Tomcat].[localhost].[/]       : Initializing Spring DispatcherServlet 'dispatcherServlet'
2026-04-16T21:04:41.888Z  INFO 1539 --- [TaskTracker] [nio-8080-exec-1] o.s.web.servlet.DispatcherServlet        : Initializing Servlet 'dispatcherServlet'
2026-04-16T21:04:41.890Z  INFO 1539 --- [TaskTracker] [nio-8080-exec-1] o.s.web.servlet.DispatcherServlet        : Completed initialization in 1 ms
2026-04-16T21:04:41.928Z  INFO 1539 --- [TaskTracker] [nio-8080-exec-1] c.m.t.controller.TestController          : test() called
2026-04-16T21:04:56.589Z  INFO 1539 --- [TaskTracker] [nio-8080-exec-3] c.m.t.controller.TestController          : test() called
2026-04-16T21:05:08.243Z  INFO 1539 --- [TaskTracker] [nio-8080-exec-4] c.m.t.controller.TestController          : test() called
2026-04-16T21:05:19.425Z  INFO 1539 --- [TaskTracker] [nio-8080-exec-5] c.m.t.controller.TestController          : test() called
